<?xml version="1.0" encoding="UTF-8"?>
<testsuite name="com.kodilla.stream.world.WorldTestSuite" tests="1" skipped="0" failures="0" errors="0" timestamp="2018-08-31T18:17:04" hostname="DESKTOP-4R9K6OM" time="0.008">
  <properties/>
  <testcase name="testGetPeopleQuantity" classname="com.kodilla.stream.world.WorldTestSuite" time="0.008"/>
  <system-out><![CDATA[]]></system-out>
  <system-err><![CDATA[]]></system-err>
</testsuite>
