<?xml version="1.0" encoding="UTF-8"?>
<testsuite name="com.kodilla.stream.array.ArrayOperationsTestSuite" tests="1" skipped="0" failures="0" errors="0" timestamp="2018-08-26T09:37:56" hostname="DESKTOP-4R9K6OM" time="0.021">
  <properties/>
  <testcase name="testGetAverage" classname="com.kodilla.stream.array.ArrayOperationsTestSuite" time="0.021"/>
  <system-out><![CDATA[3
3
3
3
3
3
3
3
3
3
3
3
3
3
3
3
3
3
3
3
0
3
6
7
12
13
1
0
12
6
5
14
17
18
3
2
1
-1
0
-33
-11
-32
27
]]></system-out>
  <system-err><![CDATA[]]></system-err>
</testsuite>
