<?xml version="1.0" encoding="UTF-8"?>
<testsuite name="com.kodilla.testing.collection.CollectionTestSuite" tests="2" skipped="0" failures="0" errors="0" timestamp="2018-08-31T18:17:06" hostname="DESKTOP-4R9K6OM" time="0.008">
  <properties/>
  <testcase name="testOddNumbersExterminatorEmptyList" classname="com.kodilla.testing.collection.CollectionTestSuite" time="0.006"/>
  <testcase name="testOddNumbersExterminatorNormalList" classname="com.kodilla.testing.collection.CollectionTestSuite" time="0.002"/>
  <system-out><![CDATA[Starting new test suite: 'CollectionTestSuite'
New test Case: begin
Testing empty list...
Test Case: end
New test Case: begin
Testing list of 100 random integers...
*** generated list for test: [1589302704, 1591467576, 806659728, 1695543562, -1257603954, 1673081858, 576515818, -585808144, 1338154060, 673178910, 1575153328, -1094909468, -714582948, 45359848, -5127282, 1613549552, -192113350, 101056682, -230860312, -633930960, 1152837370, 1893579248, 1915430028, -1467341390, -1804957656, -737068926, 1967899296, -1342887628, 544954, 232762898, -1515970252, 1249207372, 597248586, -2110932642, 1834978038, -582257084, 1953895678, 1357817910, 2072474310, 612271798, 1609709996, -1404224510, 397736404, -1279267826, -1607804300, 1571422816, 833976390]
Test Case: end
Testing test suite: 'CollectionTestSuite' ended.
]]></system-out>
  <system-err><![CDATA[]]></system-err>
</testsuite>
