<?xml version="1.0" encoding="UTF-8"?>
<testsuite name="com.kodilla.testing.shape.ShapeCollectorTestSuite" tests="3" skipped="0" failures="0" errors="0" timestamp="2018-08-26T09:37:58" hostname="DESKTOP-4R9K6OM" time="0.002">
  <properties/>
  <testcase name="testFigureRemoving" classname="com.kodilla.testing.shape.ShapeCollectorTestSuite" time="0.002"/>
  <testcase name="testFigureInfoDisplaying" classname="com.kodilla.testing.shape.ShapeCollectorTestSuite" time="0.0"/>
  <testcase name="testFigureAdding" classname="com.kodilla.testing.shape.ShapeCollectorTestSuite" time="0.0"/>
  <system-out><![CDATA[Test suite started!
Test ended.
Executing next test...
Test ended.
Executing next test...
Test ended.
Executing next test...
All tests ended!
]]></system-out>
  <system-err><![CDATA[]]></system-err>
</testsuite>
