<?xml version="1.0" encoding="UTF-8"?>
<testsuite name="com.kodilla.patterns.prototype.library.LibraryTestSuite" tests="1" skipped="0" failures="0" errors="0" timestamp="2018-08-31T18:16:28" hostname="DESKTOP-4R9K6OM" time="0.007">
  <properties/>
  <testcase name="testGetBooks" classname="com.kodilla.patterns.prototype.library.LibraryTestSuite" time="0.007"/>
  <system-out><![CDATA[21
21
20
]]></system-out>
  <system-err><![CDATA[]]></system-err>
</testsuite>
